<?xml version="1.0" encoding="UTF-8"?>
<!-- Generated by org.testng.reporters.JUnitReportReporter -->
<testsuite hostname="DESKTOP-BH6LQCD" failures="0" tests="2" name="runner.TesgNGTestRunner" time="7.047" errors="0" timestamp="2024-11-02T23:56:45 IST" skipped="0">
  <testcase classname="runner.TesgNGTestRunner" name="runScenario" time="4.643"/>
  <testcase classname="runner.TesgNGTestRunner" name="runScenario" time="2.404"/>
</testsuite> <!-- runner.TesgNGTestRunner -->
