<?xml version="1.0" encoding="UTF-8"?>
<!-- Generated by org.testng.reporters.JUnitReportReporter -->
<testsuite hostname="DESKTOP-BH6LQCD" failures="0" tests="2" name="runner.TesgNGTestRunner" time="6.013" errors="0" timestamp="2024-11-02T21:43:22 IST" skipped="0">
  <testcase classname="runner.TesgNGTestRunner" name="runScenario" time="2.181"/>
  <testcase classname="runner.TesgNGTestRunner" name="runScenario" time="3.832"/>
</testsuite> <!-- runner.TesgNGTestRunner -->
