<?xml version="1.0" encoding="UTF-8"?>
<!-- Generated by org.testng.reporters.JUnitReportReporter -->
<testsuite hostname="DESKTOP-BH6LQCD" failures="0" tests="4" name="testcase.RunErailUseCase" time="22.632" errors="0" timestamp="2024-11-01T22:25:55 IST" skipped="0">
  <testcase classname="testcase.RunErailUseCase" name="fromStationSelection" time="2.294"/>
  <system-out/>
  <testcase classname="testcase.RunErailUseCase" name="SortonDateSelection" time="16.764"/>
  <system-out/>
  <testcase classname="testcase.RunErailUseCase" name="GetListFromDropDowninXLS" time="2.733"/>
  <system-out/>
  <testcase classname="testcase.RunErailUseCase" name="CompairDropDownListToExistion" time="0.841"/>
  <system-out/>
</testsuite> <!-- testcase.RunErailUseCase -->
