<?xml version="1.0" encoding="UTF-8"?>
<!-- Generated by org.testng.reporters.JUnitReportReporter -->
<testsuite hostname="DESKTOP-BH6LQCD" failures="0" tests="4" name="testCases.TestNGCode" time="10.437" errors="0" timestamp="2024-10-31T08:54:32 IST" skipped="0">
  <testcase classname="testCases.TestNGCode" name="LoginToHRM" time="3.082"/>
  <system-out/>
  <testcase classname="testCases.TestNGCode" name="LoginToHRM" time="2.356"/>
  <system-out/>
  <testcase classname="testCases.TestNGCode" name="OpenLeaveHRM" time="1.656"/>
  <system-out/>
  <testcase classname="testCases.TestNGCode" name="OpenLeaveHRM" time="3.343"/>
  <system-out/>
</testsuite> <!-- testCases.TestNGCode -->
