<?xml version="1.0" encoding="UTF-8"?>
<!-- Generated by org.testng.reporters.JUnitReportReporter -->
<testsuite hostname="DESKTOP-BH6LQCD" failures="0" tests="1" name="testCases.AppiumNode" time="19.294" errors="0" timestamp="2024-11-02T11:48:08 IST" skipped="0">
  <testcase classname="testCases.AppiumNode" name="OpenAmarUjala" time="19.294"/>
  <system-out/>
</testsuite> <!-- testCases.AppiumNode -->
