<?xml version="1.0" encoding="UTF-8"?>
<!-- Generated by org.testng.reporters.JUnitReportReporter -->
<testsuite hostname="DESKTOP-BH6LQCD" failures="0" tests="4" name="apiTestCases.ReqresUsersAPI" time="2.176" errors="0" timestamp="2024-10-26T10:30:05 IST" skipped="0">
  <testcase classname="apiTestCases.ReqresUsersAPI" name="verifyUserNameReqres" time="0.276"/>
  <testcase classname="apiTestCases.ReqresUsersAPI" name="deleteUserReqres" time="0.606"/>
  <testcase classname="apiTestCases.ReqresUsersAPI" name="addUserReqres" time="0.630"/>
  <testcase classname="apiTestCases.ReqresUsersAPI" name="updateUserReqres" time="0.664"/>
</testsuite> <!-- apiTestCases.ReqresUsersAPI -->
