<?xml version="1.0" encoding="UTF-8"?>
<!-- Generated by org.testng.reporters.JUnitReportReporter -->
<testsuite hostname="DESKTOP-BH6LQCD" failures="0" tests="1" name="apiTestCases.DemoGuru99" time="8.812" errors="0" timestamp="2024-10-27T22:50:49 IST" skipped="0">
  <testcase classname="apiTestCases.DemoGuru99" name="getResponseBody" time="8.812"/>
  <system-out/>
</testsuite> <!-- apiTestCases.DemoGuru99 -->
