<?xml version="1.0" encoding="UTF-8"?>
<!-- Generated by org.testng.reporters.JUnitReportReporter -->
<testsuite hostname="DESKTOP-BH6LQCD" failures="0" tests="1" name="testcase.CalculaterTestCase" time="32.961" errors="0" timestamp="2024-10-18T21:16:23 IST" skipped="0">
  <testcase classname="testcase.CalculaterTestCase" name="AmarUjalaEpaper" time="32.961"/>
</testsuite> <!-- testcase.CalculaterTestCase -->
