<?xml version="1.0" encoding="UTF-8"?>
<!-- Generated by org.testng.reporters.JUnitReportReporter -->
<testsuite hostname="DESKTOP-BH6LQCD" failures="0" tests="2" name="testcase.AmarUjala" time="50.657" errors="0" timestamp="2024-11-02T11:18:01 IST" skipped="0">
  <testcase classname="testcase.AmarUjala" name="AmarUjalaopen" time="15.059"/>
  <system-out/>
  <testcase classname="testcase.AmarUjala" name="AmarUjalaGetEpaper" time="35.598"/>
  <system-out/>
</testsuite> <!-- testcase.AmarUjala -->
